[0.622s] Invoking command in '/home/zero/turtlesim_project/src/turtlesim_catch_them_all': CMAKE_PREFIX_PATH=/home/zero/turtlesim_project/install/custom_interfaces:/home/zero/01. Turtlesim_Project/install/my_turtle_bringup:/home/zero/01. Turtlesim_Project/install/custom_interfaces:/home/zero/turtlesim_project/install/my_turtle_bringup:/home/zero/ros2_ws/install/my_robot_bringup:/home/zero/ros2_ws/install/custom_interfaces:/opt/ros/jazzy/opt/gz_math_vendor:/opt/ros/jazzy/opt/gz_utils_vendor:/opt/ros/jazzy/opt/gz_cmake_vendor DEBUGINFOD_URLS=https://debuginfod.ubuntu.com LD_LIBRARY_PATH=/home/zero/turtlesim_project/install/custom_interfaces/lib:/home/zero/01. Turtlesim_Project/install/custom_interfaces/lib:/home/zero/ros2_ws/install/custom_interfaces/lib:/opt/ros/jazzy/opt/rviz_ogre_vendor/lib:/opt/ros/jazzy/lib/x86_64-linux-gnu:/opt/ros/jazzy/opt/gz_math_vendor/lib:/opt/ros/jazzy/opt/gz_utils_vendor/lib:/opt/ros/jazzy/opt/gz_cmake_vendor/lib:/opt/ros/jazzy/lib PYTHONPATH=/home/zero/turtlesim_project/build/turtlesim_catch_them_all/prefix_override:/usr/lib/python3/dist-packages/colcon_core/task/python/colcon_distutils_commands:/home/zero/turtlesim_project/install/turtlesim_catch_them_all/lib/python3.12/site-packages:/home/zero/turtlesim_project/install/custom_interfaces/lib/python3.12/site-packages:/home/zero/01. Turtlesim_Project/install/turtlesim_catch_them_all/lib/python3.12/site-packages:/home/zero/01. Turtlesim_Project/install/custom_interfaces/lib/python3.12/site-packages:/home/zero/turtlesim_project/install/turtlesim_catch_them_all/lib/python3.12/site-packages:/home/zero/ros2_ws/install/my_pkg/lib/python3.12/site-packages:/home/zero/ros2_ws/install/custom_interfaces/lib/python3.12/site-packages:/opt/ros/jazzy/lib/python3.12/site-packages /usr/bin/python3 -W ignore:setup.py install is deprecated setup.py egg_info --egg-base ../../build/turtlesim_catch_them_all build --build-base /home/zero/turtlesim_project/build/turtlesim_catch_them_all/build install --record /home/zero/turtlesim_project/build/turtlesim_catch_them_all/install.log --single-version-externally-managed install_data
[0.822s] running egg_info
[0.837s] writing ../../build/turtlesim_catch_them_all/turtlesim_catch_them_all.egg-info/PKG-INFO
[0.837s] writing dependency_links to ../../build/turtlesim_catch_them_all/turtlesim_catch_them_all.egg-info/dependency_links.txt
[0.837s] writing entry points to ../../build/turtlesim_catch_them_all/turtlesim_catch_them_all.egg-info/entry_points.txt
[0.837s] writing requirements to ../../build/turtlesim_catch_them_all/turtlesim_catch_them_all.egg-info/requires.txt
[0.837s] writing top-level names to ../../build/turtlesim_catch_them_all/turtlesim_catch_them_all.egg-info/top_level.txt
[0.869s] reading manifest file '../../build/turtlesim_catch_them_all/turtlesim_catch_them_all.egg-info/SOURCES.txt'
[0.869s] writing manifest file '../../build/turtlesim_catch_them_all/turtlesim_catch_them_all.egg-info/SOURCES.txt'
[0.869s] running build
[0.870s] running build_py
[0.870s] running install
[0.875s] running install_lib
[0.890s] running install_data
[0.890s] running install_egg_info
[0.906s] removing '/home/zero/turtlesim_project/install/turtlesim_catch_them_all/lib/python3.12/site-packages/turtlesim_catch_them_all-0.0.0-py3.12.egg-info' (and everything under it)
[0.906s] Copying ../../build/turtlesim_catch_them_all/turtlesim_catch_them_all.egg-info to /home/zero/turtlesim_project/install/turtlesim_catch_them_all/lib/python3.12/site-packages/turtlesim_catch_them_all-0.0.0-py3.12.egg-info
[0.907s] running install_scripts
[1.008s] Installing turtle_spawner script to /home/zero/turtlesim_project/install/turtlesim_catch_them_all/lib/turtlesim_catch_them_all
[1.008s] Installing turtlesim_controller script to /home/zero/turtlesim_project/install/turtlesim_catch_them_all/lib/turtlesim_catch_them_all
[1.009s] writing list of installed files to '/home/zero/turtlesim_project/build/turtlesim_catch_them_all/install.log'
[1.036s] Invoked command in '/home/zero/turtlesim_project/src/turtlesim_catch_them_all' returned '0': CMAKE_PREFIX_PATH=/home/zero/turtlesim_project/install/custom_interfaces:/home/zero/01. Turtlesim_Project/install/my_turtle_bringup:/home/zero/01. Turtlesim_Project/install/custom_interfaces:/home/zero/turtlesim_project/install/my_turtle_bringup:/home/zero/ros2_ws/install/my_robot_bringup:/home/zero/ros2_ws/install/custom_interfaces:/opt/ros/jazzy/opt/gz_math_vendor:/opt/ros/jazzy/opt/gz_utils_vendor:/opt/ros/jazzy/opt/gz_cmake_vendor DEBUGINFOD_URLS=https://debuginfod.ubuntu.com LD_LIBRARY_PATH=/home/zero/turtlesim_project/install/custom_interfaces/lib:/home/zero/01. Turtlesim_Project/install/custom_interfaces/lib:/home/zero/ros2_ws/install/custom_interfaces/lib:/opt/ros/jazzy/opt/rviz_ogre_vendor/lib:/opt/ros/jazzy/lib/x86_64-linux-gnu:/opt/ros/jazzy/opt/gz_math_vendor/lib:/opt/ros/jazzy/opt/gz_utils_vendor/lib:/opt/ros/jazzy/opt/gz_cmake_vendor/lib:/opt/ros/jazzy/lib PYTHONPATH=/home/zero/turtlesim_project/build/turtlesim_catch_them_all/prefix_override:/usr/lib/python3/dist-packages/colcon_core/task/python/colcon_distutils_commands:/home/zero/turtlesim_project/install/turtlesim_catch_them_all/lib/python3.12/site-packages:/home/zero/turtlesim_project/install/custom_interfaces/lib/python3.12/site-packages:/home/zero/01. Turtlesim_Project/install/turtlesim_catch_them_all/lib/python3.12/site-packages:/home/zero/01. Turtlesim_Project/install/custom_interfaces/lib/python3.12/site-packages:/home/zero/turtlesim_project/install/turtlesim_catch_them_all/lib/python3.12/site-packages:/home/zero/ros2_ws/install/my_pkg/lib/python3.12/site-packages:/home/zero/ros2_ws/install/custom_interfaces/lib/python3.12/site-packages:/opt/ros/jazzy/lib/python3.12/site-packages /usr/bin/python3 -W ignore:setup.py install is deprecated setup.py egg_info --egg-base ../../build/turtlesim_catch_them_all build --build-base /home/zero/turtlesim_project/build/turtlesim_catch_them_all/build install --record /home/zero/turtlesim_project/build/turtlesim_catch_them_all/install.log --single-version-externally-managed install_data
