[0.012s] Invoking command in '/home/zero/turtlesim_project/build/custom_interfaces': CMAKE_PREFIX_PATH=${CMAKE_PREFIX_PATH}:/home/zero/turtlesim_project/install/turtlesim_catch_them_all:/home/zero/ros2_ws/install/my_pkg:/opt/ros/jazzy DEBUGINFOD_URLS=https://debuginfod.ubuntu.com /usr/bin/cmake --build /home/zero/turtlesim_project/build/custom_interfaces -- -j4 -l4
[0.051s] [  2%] Built target custom_interfaces__rosidl_generator_type_description
[0.068s] [  2%] Built target ament_cmake_python_copy_custom_interfaces
[0.076s] [  4%] Built target custom_interfaces__cpp
[0.078s] [ 22%] Built target custom_interfaces__rosidl_generator_c
[0.112s] [ 31%] Built target custom_interfaces__rosidl_typesupport_fastrtps_c
[0.116s] [ 40%] Built target custom_interfaces__rosidl_typesupport_fastrtps_cpp
[0.117s] [ 50%] Built target custom_interfaces__rosidl_typesupport_cpp
[0.141s] [ 59%] Built target custom_interfaces__rosidl_typesupport_introspection_cpp
[0.141s] [ 68%] Built target custom_interfaces__rosidl_typesupport_c
[0.145s] [ 77%] Built target custom_interfaces__rosidl_typesupport_introspection_c
[0.164s] [ 77%] Built target custom_interfaces
[0.180s] [ 79%] Built target custom_interfaces__py
[0.200s] [ 86%] Built target custom_interfaces__rosidl_generator_py
[0.228s] [ 95%] Built target custom_interfaces_s__rosidl_typesupport_introspection_c
[0.228s] [ 95%] Built target custom_interfaces_s__rosidl_typesupport_fastrtps_c
[0.230s] [100%] Built target custom_interfaces_s__rosidl_typesupport_c
[0.292s] running egg_info
[0.308s] writing custom_interfaces.egg-info/PKG-INFO
[0.309s] writing dependency_links to custom_interfaces.egg-info/dependency_links.txt
[0.309s] writing top-level names to custom_interfaces.egg-info/top_level.txt
[0.354s] reading manifest file 'custom_interfaces.egg-info/SOURCES.txt'
[0.354s] writing manifest file 'custom_interfaces.egg-info/SOURCES.txt'
[0.396s] [100%] Built target ament_cmake_python_build_custom_interfaces_egg
[0.404s] Invoked command in '/home/zero/turtlesim_project/build/custom_interfaces' returned '0': CMAKE_PREFIX_PATH=${CMAKE_PREFIX_PATH}:/home/zero/turtlesim_project/install/turtlesim_catch_them_all:/home/zero/ros2_ws/install/my_pkg:/opt/ros/jazzy DEBUGINFOD_URLS=https://debuginfod.ubuntu.com /usr/bin/cmake --build /home/zero/turtlesim_project/build/custom_interfaces -- -j4 -l4
[0.447s] Invoking command in '/home/zero/turtlesim_project/build/custom_interfaces': CMAKE_PREFIX_PATH=${CMAKE_PREFIX_PATH}:/home/zero/turtlesim_project/install/turtlesim_catch_them_all:/home/zero/ros2_ws/install/my_pkg:/opt/ros/jazzy DEBUGINFOD_URLS=https://debuginfod.ubuntu.com /usr/bin/cmake --install /home/zero/turtlesim_project/build/custom_interfaces
[0.453s] -- Install configuration: ""
[0.453s] -- Up-to-date: /home/zero/turtlesim_project/install/custom_interfaces/share/ament_index/resource_index/rosidl_interfaces/custom_interfaces
[0.453s] -- Up-to-date: /home/zero/turtlesim_project/install/custom_interfaces/share/custom_interfaces/msg/Turtle.json
[0.453s] -- Up-to-date: /home/zero/turtlesim_project/install/custom_interfaces/share/custom_interfaces/msg/TurtleArray.json
[0.453s] -- Up-to-date: /home/zero/turtlesim_project/install/custom_interfaces/include/custom_interfaces/custom_interfaces
[0.454s] -- Up-to-date: /home/zero/turtlesim_project/install/custom_interfaces/include/custom_interfaces/custom_interfaces/msg
[0.454s] -- Up-to-date: /home/zero/turtlesim_project/install/custom_interfaces/include/custom_interfaces/custom_interfaces/msg/turtle_coordinates.h
[0.454s] -- Up-to-date: /home/zero/turtlesim_project/install/custom_interfaces/include/custom_interfaces/custom_interfaces/msg/turtle_array.h
[0.454s] -- Up-to-date: /home/zero/turtlesim_project/install/custom_interfaces/include/custom_interfaces/custom_interfaces/msg/rosidl_generator_c__visibility_control.h
[0.454s] -- Up-to-date: /home/zero/turtlesim_project/install/custom_interfaces/include/custom_interfaces/custom_interfaces/msg/turtle.h
[0.454s] -- Up-to-date: /home/zero/turtlesim_project/install/custom_interfaces/include/custom_interfaces/custom_interfaces/msg/detail
[0.454s] -- Up-to-date: /home/zero/turtlesim_project/install/custom_interfaces/include/custom_interfaces/custom_interfaces/msg/detail/turtle_coordinates__description.c
[0.454s] -- Up-to-date: /home/zero/turtlesim_project/install/custom_interfaces/include/custom_interfaces/custom_interfaces/msg/detail/turtle_coordinates__functions.c
[0.454s] -- Up-to-date: /home/zero/turtlesim_project/install/custom_interfaces/include/custom_interfaces/custom_interfaces/msg/detail/turtle_array__functions.h
[0.454s] -- Up-to-date: /home/zero/turtlesim_project/install/custom_interfaces/include/custom_interfaces/custom_interfaces/msg/detail/turtle__functions.h
[0.454s] -- Up-to-date: /home/zero/turtlesim_project/install/custom_interfaces/include/custom_interfaces/custom_interfaces/msg/detail/turtle_coordinates__functions.h
[0.454s] -- Up-to-date: /home/zero/turtlesim_project/install/custom_interfaces/include/custom_interfaces/custom_interfaces/msg/detail/turtle__type_support.h
[0.454s] -- Up-to-date: /home/zero/turtlesim_project/install/custom_interfaces/include/custom_interfaces/custom_interfaces/msg/detail/turtle_coordinates__type_support.c
[0.454s] -- Up-to-date: /home/zero/turtlesim_project/install/custom_interfaces/include/custom_interfaces/custom_interfaces/msg/detail/turtle_array__description.c
[0.455s] -- Up-to-date: /home/zero/turtlesim_project/install/custom_interfaces/include/custom_interfaces/custom_interfaces/msg/detail/turtle_array__type_support.h
[0.455s] -- Up-to-date: /home/zero/turtlesim_project/install/custom_interfaces/include/custom_interfaces/custom_interfaces/msg/detail/turtle__struct.h
[0.455s] -- Installing: /home/zero/turtlesim_project/install/custom_interfaces/include/custom_interfaces/custom_interfaces/msg/detail/turtle__type_support.c
[0.455s] -- Up-to-date: /home/zero/turtlesim_project/install/custom_interfaces/include/custom_interfaces/custom_interfaces/msg/detail/turtle__functions.c
[0.455s] -- Up-to-date: /home/zero/turtlesim_project/install/custom_interfaces/include/custom_interfaces/custom_interfaces/msg/detail/turtle_coordinates__struct.h
[0.455s] -- Up-to-date: /home/zero/turtlesim_project/install/custom_interfaces/include/custom_interfaces/custom_interfaces/msg/detail/turtle__description.c
[0.455s] -- Installing: /home/zero/turtlesim_project/install/custom_interfaces/include/custom_interfaces/custom_interfaces/msg/detail/turtle_array__type_support.c
[0.455s] -- Up-to-date: /home/zero/turtlesim_project/install/custom_interfaces/include/custom_interfaces/custom_interfaces/msg/detail/turtle_coordinates__type_support.h
[0.455s] -- Up-to-date: /home/zero/turtlesim_project/install/custom_interfaces/include/custom_interfaces/custom_interfaces/msg/detail/turtle_array__struct.h
[0.455s] -- Up-to-date: /home/zero/turtlesim_project/install/custom_interfaces/include/custom_interfaces/custom_interfaces/msg/detail/turtle_array__functions.c
[0.455s] -- Up-to-date: /home/zero/turtlesim_project/install/custom_interfaces/share/custom_interfaces/environment/library_path.sh
[0.455s] -- Up-to-date: /home/zero/turtlesim_project/install/custom_interfaces/share/custom_interfaces/environment/library_path.dsv
[0.455s] -- Up-to-date: /home/zero/turtlesim_project/install/custom_interfaces/lib/libcustom_interfaces__rosidl_generator_c.so
[0.455s] -- Up-to-date: /home/zero/turtlesim_project/install/custom_interfaces/include/custom_interfaces/custom_interfaces
[0.455s] -- Up-to-date: /home/zero/turtlesim_project/install/custom_interfaces/include/custom_interfaces/custom_interfaces/msg
[0.455s] -- Up-to-date: /home/zero/turtlesim_project/install/custom_interfaces/include/custom_interfaces/custom_interfaces/msg/detail
[0.456s] -- Up-to-date: /home/zero/turtlesim_project/install/custom_interfaces/include/custom_interfaces/custom_interfaces/msg/detail/turtle_array__rosidl_typesupport_fastrtps_c.h
[0.456s] -- Up-to-date: /home/zero/turtlesim_project/install/custom_interfaces/include/custom_interfaces/custom_interfaces/msg/detail/turtle__rosidl_typesupport_fastrtps_c.h
[0.456s] -- Up-to-date: /home/zero/turtlesim_project/install/custom_interfaces/include/custom_interfaces/custom_interfaces/msg/detail/turtle_coordinates__rosidl_typesupport_fastrtps_c.h
[0.456s] -- Up-to-date: /home/zero/turtlesim_project/install/custom_interfaces/include/custom_interfaces/custom_interfaces/msg/rosidl_typesupport_fastrtps_c__visibility_control.h
[0.456s] -- Up-to-date: /home/zero/turtlesim_project/install/custom_interfaces/lib/libcustom_interfaces__rosidl_typesupport_fastrtps_c.so
[0.456s] -- Up-to-date: /home/zero/turtlesim_project/install/custom_interfaces/include/custom_interfaces/custom_interfaces
[0.456s] -- Up-to-date: /home/zero/turtlesim_project/install/custom_interfaces/include/custom_interfaces/custom_interfaces/msg
[0.456s] -- Up-to-date: /home/zero/turtlesim_project/install/custom_interfaces/include/custom_interfaces/custom_interfaces/msg/detail
[0.456s] -- Up-to-date: /home/zero/turtlesim_project/install/custom_interfaces/include/custom_interfaces/custom_interfaces/msg/detail/turtle_array__rosidl_typesupport_introspection_c.h
[0.456s] -- Up-to-date: /home/zero/turtlesim_project/install/custom_interfaces/include/custom_interfaces/custom_interfaces/msg/detail/turtle_coordinates__type_support.c
[0.456s] -- Up-to-date: /home/zero/turtlesim_project/install/custom_interfaces/include/custom_interfaces/custom_interfaces/msg/detail/turtle_coordinates__rosidl_typesupport_introspection_c.h
[0.456s] -- Installing: /home/zero/turtlesim_project/install/custom_interfaces/include/custom_interfaces/custom_interfaces/msg/detail/turtle__type_support.c
[0.456s] -- Installing: /home/zero/turtlesim_project/install/custom_interfaces/include/custom_interfaces/custom_interfaces/msg/detail/turtle_array__type_support.c
[0.456s] -- Up-to-date: /home/zero/turtlesim_project/install/custom_interfaces/include/custom_interfaces/custom_interfaces/msg/detail/turtle__rosidl_typesupport_introspection_c.h
[0.457s] -- Up-to-date: /home/zero/turtlesim_project/install/custom_interfaces/include/custom_interfaces/custom_interfaces/msg/rosidl_typesupport_introspection_c__visibility_control.h
[0.457s] -- Up-to-date: /home/zero/turtlesim_project/install/custom_interfaces/lib/libcustom_interfaces__rosidl_typesupport_introspection_c.so
[0.457s] -- Up-to-date: /home/zero/turtlesim_project/install/custom_interfaces/lib/libcustom_interfaces__rosidl_typesupport_c.so
[0.457s] -- Up-to-date: /home/zero/turtlesim_project/install/custom_interfaces/include/custom_interfaces/custom_interfaces
[0.457s] -- Up-to-date: /home/zero/turtlesim_project/install/custom_interfaces/include/custom_interfaces/custom_interfaces/msg
[0.457s] -- Up-to-date: /home/zero/turtlesim_project/install/custom_interfaces/include/custom_interfaces/custom_interfaces/msg/turtle_array.hpp
[0.457s] -- Up-to-date: /home/zero/turtlesim_project/install/custom_interfaces/include/custom_interfaces/custom_interfaces/msg/turtle_coordinates.hpp
[0.457s] -- Up-to-date: /home/zero/turtlesim_project/install/custom_interfaces/include/custom_interfaces/custom_interfaces/msg/detail
[0.457s] -- Up-to-date: /home/zero/turtlesim_project/install/custom_interfaces/include/custom_interfaces/custom_interfaces/msg/detail/turtle__type_support.hpp
[0.457s] -- Up-to-date: /home/zero/turtlesim_project/install/custom_interfaces/include/custom_interfaces/custom_interfaces/msg/detail/turtle_array__type_support.hpp
[0.457s] -- Up-to-date: /home/zero/turtlesim_project/install/custom_interfaces/include/custom_interfaces/custom_interfaces/msg/detail/turtle_coordinates__type_support.hpp
[0.457s] -- Up-to-date: /home/zero/turtlesim_project/install/custom_interfaces/include/custom_interfaces/custom_interfaces/msg/detail/turtle__struct.hpp
[0.457s] -- Up-to-date: /home/zero/turtlesim_project/install/custom_interfaces/include/custom_interfaces/custom_interfaces/msg/detail/turtle__traits.hpp
[0.457s] -- Up-to-date: /home/zero/turtlesim_project/install/custom_interfaces/include/custom_interfaces/custom_interfaces/msg/detail/turtle__builder.hpp
[0.457s] -- Up-to-date: /home/zero/turtlesim_project/install/custom_interfaces/include/custom_interfaces/custom_interfaces/msg/detail/turtle_coordinates__builder.hpp
[0.458s] -- Up-to-date: /home/zero/turtlesim_project/install/custom_interfaces/include/custom_interfaces/custom_interfaces/msg/detail/turtle_array__struct.hpp
[0.458s] -- Up-to-date: /home/zero/turtlesim_project/install/custom_interfaces/include/custom_interfaces/custom_interfaces/msg/detail/turtle_array__builder.hpp
[0.458s] -- Up-to-date: /home/zero/turtlesim_project/install/custom_interfaces/include/custom_interfaces/custom_interfaces/msg/detail/turtle_array__traits.hpp
[0.458s] -- Up-to-date: /home/zero/turtlesim_project/install/custom_interfaces/include/custom_interfaces/custom_interfaces/msg/detail/turtle_coordinates__struct.hpp
[0.458s] -- Up-to-date: /home/zero/turtlesim_project/install/custom_interfaces/include/custom_interfaces/custom_interfaces/msg/detail/turtle_coordinates__traits.hpp
[0.458s] -- Up-to-date: /home/zero/turtlesim_project/install/custom_interfaces/include/custom_interfaces/custom_interfaces/msg/turtle.hpp
[0.458s] -- Up-to-date: /home/zero/turtlesim_project/install/custom_interfaces/include/custom_interfaces/custom_interfaces/msg/rosidl_generator_cpp__visibility_control.hpp
[0.458s] -- Up-to-date: /home/zero/turtlesim_project/install/custom_interfaces/include/custom_interfaces/custom_interfaces
[0.458s] -- Up-to-date: /home/zero/turtlesim_project/install/custom_interfaces/include/custom_interfaces/custom_interfaces/msg
[0.458s] -- Up-to-date: /home/zero/turtlesim_project/install/custom_interfaces/include/custom_interfaces/custom_interfaces/msg/rosidl_typesupport_fastrtps_cpp__visibility_control.h
[0.458s] -- Up-to-date: /home/zero/turtlesim_project/install/custom_interfaces/include/custom_interfaces/custom_interfaces/msg/detail
[0.458s] -- Up-to-date: /home/zero/turtlesim_project/install/custom_interfaces/include/custom_interfaces/custom_interfaces/msg/detail/dds_fastrtps
[0.458s] -- Up-to-date: /home/zero/turtlesim_project/install/custom_interfaces/include/custom_interfaces/custom_interfaces/msg/detail/turtle__rosidl_typesupport_fastrtps_cpp.hpp
[0.458s] -- Up-to-date: /home/zero/turtlesim_project/install/custom_interfaces/include/custom_interfaces/custom_interfaces/msg/detail/turtle_coordinates__rosidl_typesupport_fastrtps_cpp.hpp
[0.458s] -- Up-to-date: /home/zero/turtlesim_project/install/custom_interfaces/include/custom_interfaces/custom_interfaces/msg/detail/turtle_array__rosidl_typesupport_fastrtps_cpp.hpp
[0.458s] -- Up-to-date: /home/zero/turtlesim_project/install/custom_interfaces/lib/libcustom_interfaces__rosidl_typesupport_fastrtps_cpp.so
[0.459s] -- Up-to-date: /home/zero/turtlesim_project/install/custom_interfaces/include/custom_interfaces/custom_interfaces
[0.459s] -- Up-to-date: /home/zero/turtlesim_project/install/custom_interfaces/include/custom_interfaces/custom_interfaces/msg
[0.459s] -- Up-to-date: /home/zero/turtlesim_project/install/custom_interfaces/include/custom_interfaces/custom_interfaces/msg/detail
[0.459s] -- Up-to-date: /home/zero/turtlesim_project/install/custom_interfaces/include/custom_interfaces/custom_interfaces/msg/detail/turtle__rosidl_typesupport_introspection_cpp.hpp
[0.459s] -- Up-to-date: /home/zero/turtlesim_project/install/custom_interfaces/include/custom_interfaces/custom_interfaces/msg/detail/turtle_coordinates__type_support.cpp
[0.459s] -- Up-to-date: /home/zero/turtlesim_project/install/custom_interfaces/include/custom_interfaces/custom_interfaces/msg/detail/turtle_coordinates__rosidl_typesupport_introspection_cpp.hpp
[0.459s] -- Up-to-date: /home/zero/turtlesim_project/install/custom_interfaces/include/custom_interfaces/custom_interfaces/msg/detail/turtle_array__type_support.cpp
[0.459s] -- Up-to-date: /home/zero/turtlesim_project/install/custom_interfaces/include/custom_interfaces/custom_interfaces/msg/detail/turtle__type_support.cpp
[0.459s] -- Up-to-date: /home/zero/turtlesim_project/install/custom_interfaces/include/custom_interfaces/custom_interfaces/msg/detail/turtle_array__rosidl_typesupport_introspection_cpp.hpp
[0.459s] -- Up-to-date: /home/zero/turtlesim_project/install/custom_interfaces/lib/libcustom_interfaces__rosidl_typesupport_introspection_cpp.so
[0.459s] -- Up-to-date: /home/zero/turtlesim_project/install/custom_interfaces/lib/libcustom_interfaces__rosidl_typesupport_cpp.so
[0.459s] -- Up-to-date: /home/zero/turtlesim_project/install/custom_interfaces/share/custom_interfaces/environment/pythonpath.sh
[0.459s] -- Up-to-date: /home/zero/turtlesim_project/install/custom_interfaces/share/custom_interfaces/environment/pythonpath.dsv
[0.459s] -- Up-to-date: /home/zero/turtlesim_project/install/custom_interfaces/lib/python3.12/site-packages/custom_interfaces-0.0.0-py3.12.egg-info
[0.459s] -- Installing: /home/zero/turtlesim_project/install/custom_interfaces/lib/python3.12/site-packages/custom_interfaces-0.0.0-py3.12.egg-info/PKG-INFO
[0.459s] -- Installing: /home/zero/turtlesim_project/install/custom_interfaces/lib/python3.12/site-packages/custom_interfaces-0.0.0-py3.12.egg-info/SOURCES.txt
[0.459s] -- Installing: /home/zero/turtlesim_project/install/custom_interfaces/lib/python3.12/site-packages/custom_interfaces-0.0.0-py3.12.egg-info/dependency_links.txt
[0.459s] -- Installing: /home/zero/turtlesim_project/install/custom_interfaces/lib/python3.12/site-packages/custom_interfaces-0.0.0-py3.12.egg-info/top_level.txt
[0.459s] -- Up-to-date: /home/zero/turtlesim_project/install/custom_interfaces/lib/python3.12/site-packages/custom_interfaces
[0.460s] -- Up-to-date: /home/zero/turtlesim_project/install/custom_interfaces/lib/python3.12/site-packages/custom_interfaces/_custom_interfaces_s.ep.rosidl_typesupport_introspection_c.c
[0.460s] -- Up-to-date: /home/zero/turtlesim_project/install/custom_interfaces/lib/python3.12/site-packages/custom_interfaces/__init__.py
[0.460s] -- Up-to-date: /home/zero/turtlesim_project/install/custom_interfaces/lib/python3.12/site-packages/custom_interfaces/custom_interfaces_s__rosidl_typesupport_fastrtps_c.so
[0.460s] -- Up-to-date: /home/zero/turtlesim_project/install/custom_interfaces/lib/python3.12/site-packages/custom_interfaces/custom_interfaces_s__rosidl_typesupport_c.so
[0.460s] -- Up-to-date: /home/zero/turtlesim_project/install/custom_interfaces/lib/python3.12/site-packages/custom_interfaces/custom_interfaces_s__rosidl_typesupport_introspection_c.so
[0.460s] -- Up-to-date: /home/zero/turtlesim_project/install/custom_interfaces/lib/python3.12/site-packages/custom_interfaces/msg
[0.460s] -- Up-to-date: /home/zero/turtlesim_project/install/custom_interfaces/lib/python3.12/site-packages/custom_interfaces/msg/_turtle.py
[0.460s] -- Up-to-date: /home/zero/turtlesim_project/install/custom_interfaces/lib/python3.12/site-packages/custom_interfaces/msg/__init__.py
[0.460s] -- Up-to-date: /home/zero/turtlesim_project/install/custom_interfaces/lib/python3.12/site-packages/custom_interfaces/msg/_turtle_s.c
[0.460s] -- Up-to-date: /home/zero/turtlesim_project/install/custom_interfaces/lib/python3.12/site-packages/custom_interfaces/msg/_turtle_array.py
[0.460s] -- Up-to-date: /home/zero/turtlesim_project/install/custom_interfaces/lib/python3.12/site-packages/custom_interfaces/msg/_turtle_array_s.c
[0.460s] -- Up-to-date: /home/zero/turtlesim_project/install/custom_interfaces/lib/python3.12/site-packages/custom_interfaces/msg/_turtle_coordinates.py
[0.460s] -- Up-to-date: /home/zero/turtlesim_project/install/custom_interfaces/lib/python3.12/site-packages/custom_interfaces/msg/_turtle_coordinates_s.c
[0.460s] -- Up-to-date: /home/zero/turtlesim_project/install/custom_interfaces/lib/python3.12/site-packages/custom_interfaces/_custom_interfaces_s.ep.rosidl_typesupport_fastrtps_c.c
[0.460s] -- Up-to-date: /home/zero/turtlesim_project/install/custom_interfaces/lib/python3.12/site-packages/custom_interfaces/_custom_interfaces_s.ep.rosidl_typesupport_c.c
[0.487s] Listing '/home/zero/turtlesim_project/install/custom_interfaces/lib/python3.12/site-packages/custom_interfaces'...
[0.487s] Listing '/home/zero/turtlesim_project/install/custom_interfaces/lib/python3.12/site-packages/custom_interfaces/msg'...
[0.492s] -- Up-to-date: /home/zero/turtlesim_project/install/custom_interfaces/lib/python3.12/site-packages/custom_interfaces/custom_interfaces_s__rosidl_typesupport_fastrtps_c.so
[0.492s] -- Up-to-date: /home/zero/turtlesim_project/install/custom_interfaces/lib/python3.12/site-packages/custom_interfaces/custom_interfaces_s__rosidl_typesupport_introspection_c.so
[0.492s] -- Up-to-date: /home/zero/turtlesim_project/install/custom_interfaces/lib/python3.12/site-packages/custom_interfaces/custom_interfaces_s__rosidl_typesupport_c.so
[0.492s] -- Up-to-date: /home/zero/turtlesim_project/install/custom_interfaces/lib/libcustom_interfaces__rosidl_generator_py.so
[0.492s] -- Up-to-date: /home/zero/turtlesim_project/install/custom_interfaces/share/custom_interfaces/msg/Turtle.idl
[0.493s] -- Up-to-date: /home/zero/turtlesim_project/install/custom_interfaces/share/custom_interfaces/msg/TurtleArray.idl
[0.493s] -- Up-to-date: /home/zero/turtlesim_project/install/custom_interfaces/share/custom_interfaces/msg/Turtle.msg
[0.493s] -- Up-to-date: /home/zero/turtlesim_project/install/custom_interfaces/share/custom_interfaces/msg/TurtleArray.msg
[0.493s] -- Up-to-date: /home/zero/turtlesim_project/install/custom_interfaces/share/ament_index/resource_index/package_run_dependencies/custom_interfaces
[0.493s] -- Up-to-date: /home/zero/turtlesim_project/install/custom_interfaces/share/ament_index/resource_index/parent_prefix_path/custom_interfaces
[0.493s] -- Up-to-date: /home/zero/turtlesim_project/install/custom_interfaces/share/custom_interfaces/environment/ament_prefix_path.sh
[0.493s] -- Up-to-date: /home/zero/turtlesim_project/install/custom_interfaces/share/custom_interfaces/environment/ament_prefix_path.dsv
[0.493s] -- Up-to-date: /home/zero/turtlesim_project/install/custom_interfaces/share/custom_interfaces/environment/path.sh
[0.493s] -- Up-to-date: /home/zero/turtlesim_project/install/custom_interfaces/share/custom_interfaces/environment/path.dsv
[0.493s] -- Up-to-date: /home/zero/turtlesim_project/install/custom_interfaces/share/custom_interfaces/local_setup.bash
[0.493s] -- Up-to-date: /home/zero/turtlesim_project/install/custom_interfaces/share/custom_interfaces/local_setup.sh
[0.493s] -- Up-to-date: /home/zero/turtlesim_project/install/custom_interfaces/share/custom_interfaces/local_setup.zsh
[0.493s] -- Up-to-date: /home/zero/turtlesim_project/install/custom_interfaces/share/custom_interfaces/local_setup.dsv
[0.493s] -- Installing: /home/zero/turtlesim_project/install/custom_interfaces/share/custom_interfaces/package.dsv
[0.493s] -- Up-to-date: /home/zero/turtlesim_project/install/custom_interfaces/share/ament_index/resource_index/packages/custom_interfaces
[0.493s] -- Up-to-date: /home/zero/turtlesim_project/install/custom_interfaces/share/custom_interfaces/cmake/export_custom_interfaces__rosidl_generator_cExport.cmake
[0.493s] -- Up-to-date: /home/zero/turtlesim_project/install/custom_interfaces/share/custom_interfaces/cmake/export_custom_interfaces__rosidl_generator_cExport-noconfig.cmake
[0.494s] -- Up-to-date: /home/zero/turtlesim_project/install/custom_interfaces/share/custom_interfaces/cmake/export_custom_interfaces__rosidl_typesupport_fastrtps_cExport.cmake
[0.494s] -- Up-to-date: /home/zero/turtlesim_project/install/custom_interfaces/share/custom_interfaces/cmake/export_custom_interfaces__rosidl_typesupport_fastrtps_cExport-noconfig.cmake
[0.494s] -- Up-to-date: /home/zero/turtlesim_project/install/custom_interfaces/share/custom_interfaces/cmake/custom_interfaces__rosidl_typesupport_introspection_cExport.cmake
[0.494s] -- Up-to-date: /home/zero/turtlesim_project/install/custom_interfaces/share/custom_interfaces/cmake/custom_interfaces__rosidl_typesupport_introspection_cExport-noconfig.cmake
[0.494s] -- Up-to-date: /home/zero/turtlesim_project/install/custom_interfaces/share/custom_interfaces/cmake/custom_interfaces__rosidl_typesupport_cExport.cmake
[0.494s] -- Up-to-date: /home/zero/turtlesim_project/install/custom_interfaces/share/custom_interfaces/cmake/custom_interfaces__rosidl_typesupport_cExport-noconfig.cmake
[0.494s] -- Up-to-date: /home/zero/turtlesim_project/install/custom_interfaces/share/custom_interfaces/cmake/export_custom_interfaces__rosidl_generator_cppExport.cmake
[0.494s] -- Up-to-date: /home/zero/turtlesim_project/install/custom_interfaces/share/custom_interfaces/cmake/export_custom_interfaces__rosidl_typesupport_fastrtps_cppExport.cmake
[0.494s] -- Up-to-date: /home/zero/turtlesim_project/install/custom_interfaces/share/custom_interfaces/cmake/export_custom_interfaces__rosidl_typesupport_fastrtps_cppExport-noconfig.cmake
[0.494s] -- Up-to-date: /home/zero/turtlesim_project/install/custom_interfaces/share/custom_interfaces/cmake/custom_interfaces__rosidl_typesupport_introspection_cppExport.cmake
[0.494s] -- Up-to-date: /home/zero/turtlesim_project/install/custom_interfaces/share/custom_interfaces/cmake/custom_interfaces__rosidl_typesupport_introspection_cppExport-noconfig.cmake
[0.494s] -- Up-to-date: /home/zero/turtlesim_project/install/custom_interfaces/share/custom_interfaces/cmake/custom_interfaces__rosidl_typesupport_cppExport.cmake
[0.494s] -- Up-to-date: /home/zero/turtlesim_project/install/custom_interfaces/share/custom_interfaces/cmake/custom_interfaces__rosidl_typesupport_cppExport-noconfig.cmake
[0.494s] -- Up-to-date: /home/zero/turtlesim_project/install/custom_interfaces/share/custom_interfaces/cmake/export_custom_interfaces__rosidl_generator_pyExport.cmake
[0.494s] -- Up-to-date: /home/zero/turtlesim_project/install/custom_interfaces/share/custom_interfaces/cmake/export_custom_interfaces__rosidl_generator_pyExport-noconfig.cmake
[0.494s] -- Up-to-date: /home/zero/turtlesim_project/install/custom_interfaces/share/custom_interfaces/cmake/rosidl_cmake-extras.cmake
[0.494s] -- Up-to-date: /home/zero/turtlesim_project/install/custom_interfaces/share/custom_interfaces/cmake/ament_cmake_export_include_directories-extras.cmake
[0.494s] -- Up-to-date: /home/zero/turtlesim_project/install/custom_interfaces/share/custom_interfaces/cmake/ament_cmake_export_libraries-extras.cmake
[0.495s] -- Up-to-date: /home/zero/turtlesim_project/install/custom_interfaces/share/custom_interfaces/cmake/ament_cmake_export_targets-extras.cmake
[0.495s] -- Up-to-date: /home/zero/turtlesim_project/install/custom_interfaces/share/custom_interfaces/cmake/rosidl_cmake_export_typesupport_targets-extras.cmake
[0.495s] -- Up-to-date: /home/zero/turtlesim_project/install/custom_interfaces/share/custom_interfaces/cmake/ament_cmake_export_dependencies-extras.cmake
[0.495s] -- Up-to-date: /home/zero/turtlesim_project/install/custom_interfaces/share/custom_interfaces/cmake/rosidl_cmake_export_typesupport_libraries-extras.cmake
[0.495s] -- Up-to-date: /home/zero/turtlesim_project/install/custom_interfaces/share/custom_interfaces/cmake/custom_interfacesConfig.cmake
[0.495s] -- Up-to-date: /home/zero/turtlesim_project/install/custom_interfaces/share/custom_interfaces/cmake/custom_interfacesConfig-version.cmake
[0.495s] -- Up-to-date: /home/zero/turtlesim_project/install/custom_interfaces/share/custom_interfaces/package.xml
[0.496s] Invoked command in '/home/zero/turtlesim_project/build/custom_interfaces' returned '0': CMAKE_PREFIX_PATH=${CMAKE_PREFIX_PATH}:/home/zero/turtlesim_project/install/turtlesim_catch_them_all:/home/zero/ros2_ws/install/my_pkg:/opt/ros/jazzy DEBUGINFOD_URLS=https://debuginfod.ubuntu.com /usr/bin/cmake --install /home/zero/turtlesim_project/build/custom_interfaces
