[0.836s] Invoking command in '/home/zero/turtlesim_project/src/turtlesim_catch_them_all': CMAKE_PREFIX_PATH=/home/zero/turtlesim_project/install/custom_interfaces:/home/zero/turtlesim_project/install/my_turtle_bringup:/home/zero/ros2_ws/install/my_robot_bringup:/home/zero/ros2_ws/install/custom_interfaces:/opt/ros/jazzy/opt/gz_math_vendor:/opt/ros/jazzy/opt/gz_utils_vendor:/opt/ros/jazzy/opt/gz_cmake_vendor DEBUGINFOD_URLS=https://debuginfod.ubuntu.com PYTHONPATH=/home/zero/turtlesim_project/build/turtlesim_catch_them_all/prefix_override:/usr/lib/python3/dist-packages/colcon_core/task/python/colcon_distutils_commands:/home/zero/turtlesim_project/install/turtlesim_catch_them_all/lib/python3.12/site-packages:/home/zero/turtlesim_project/install/custom_interfaces/lib/python3.12/site-packages:/home/zero/turtlesim_project/install/turtlesim_catch_them_all/lib/python3.12/site-packages:/home/zero/ros2_ws/install/my_pkg/lib/python3.12/site-packages:/home/zero/ros2_ws/install/custom_interfaces/lib/python3.12/site-packages:/opt/ros/jazzy/lib/python3.12/site-packages /usr/bin/python3 -W ignore:setup.py install is deprecated setup.py egg_info --egg-base ../../build/turtlesim_catch_them_all build --build-base /home/zero/turtlesim_project/build/turtlesim_catch_them_all/build install --record /home/zero/turtlesim_project/build/turtlesim_catch_them_all/install.log --single-version-externally-managed install_data
[1.042s] running egg_info
[1.057s] writing ../../build/turtlesim_catch_them_all/turtlesim_catch_them_all.egg-info/PKG-INFO
[1.057s] writing dependency_links to ../../build/turtlesim_catch_them_all/turtlesim_catch_them_all.egg-info/dependency_links.txt
[1.058s] writing entry points to ../../build/turtlesim_catch_them_all/turtlesim_catch_them_all.egg-info/entry_points.txt
[1.058s] writing requirements to ../../build/turtlesim_catch_them_all/turtlesim_catch_them_all.egg-info/requires.txt
[1.058s] writing top-level names to ../../build/turtlesim_catch_them_all/turtlesim_catch_them_all.egg-info/top_level.txt
[1.088s] reading manifest file '../../build/turtlesim_catch_them_all/turtlesim_catch_them_all.egg-info/SOURCES.txt'
[1.089s] writing manifest file '../../build/turtlesim_catch_them_all/turtlesim_catch_them_all.egg-info/SOURCES.txt'
[1.089s] running build
[1.089s] running build_py
[1.089s] copying turtlesim_catch_them_all/turtle_spawner.py -> /home/zero/turtlesim_project/build/turtlesim_catch_them_all/build/lib/turtlesim_catch_them_all
[1.089s] copying turtlesim_catch_them_all/controller.py -> /home/zero/turtlesim_project/build/turtlesim_catch_them_all/build/lib/turtlesim_catch_them_all
[1.089s] running install
[1.094s] running install_lib
[1.109s] copying /home/zero/turtlesim_project/build/turtlesim_catch_them_all/build/lib/turtlesim_catch_them_all/turtle_spawner.py -> /home/zero/turtlesim_project/install/turtlesim_catch_them_all/lib/python3.12/site-packages/turtlesim_catch_them_all
[1.109s] copying /home/zero/turtlesim_project/build/turtlesim_catch_them_all/build/lib/turtlesim_catch_them_all/controller.py -> /home/zero/turtlesim_project/install/turtlesim_catch_them_all/lib/python3.12/site-packages/turtlesim_catch_them_all
[1.110s] byte-compiling /home/zero/turtlesim_project/install/turtlesim_catch_them_all/lib/python3.12/site-packages/turtlesim_catch_them_all/turtle_spawner.py to turtle_spawner.cpython-312.pyc
[1.111s] byte-compiling /home/zero/turtlesim_project/install/turtlesim_catch_them_all/lib/python3.12/site-packages/turtlesim_catch_them_all/controller.py to controller.cpython-312.pyc
[1.112s] running install_data
[1.112s] running install_egg_info
[1.128s] removing '/home/zero/turtlesim_project/install/turtlesim_catch_them_all/lib/python3.12/site-packages/turtlesim_catch_them_all-0.0.0-py3.12.egg-info' (and everything under it)
[1.128s] Copying ../../build/turtlesim_catch_them_all/turtlesim_catch_them_all.egg-info to /home/zero/turtlesim_project/install/turtlesim_catch_them_all/lib/python3.12/site-packages/turtlesim_catch_them_all-0.0.0-py3.12.egg-info
[1.129s] running install_scripts
[1.229s] Installing turtle_spawner script to /home/zero/turtlesim_project/install/turtlesim_catch_them_all/lib/turtlesim_catch_them_all
[1.229s] Installing turtlesim_controller script to /home/zero/turtlesim_project/install/turtlesim_catch_them_all/lib/turtlesim_catch_them_all
[1.229s] writing list of installed files to '/home/zero/turtlesim_project/build/turtlesim_catch_them_all/install.log'
[1.258s] Invoked command in '/home/zero/turtlesim_project/src/turtlesim_catch_them_all' returned '0': CMAKE_PREFIX_PATH=/home/zero/turtlesim_project/install/custom_interfaces:/home/zero/turtlesim_project/install/my_turtle_bringup:/home/zero/ros2_ws/install/my_robot_bringup:/home/zero/ros2_ws/install/custom_interfaces:/opt/ros/jazzy/opt/gz_math_vendor:/opt/ros/jazzy/opt/gz_utils_vendor:/opt/ros/jazzy/opt/gz_cmake_vendor DEBUGINFOD_URLS=https://debuginfod.ubuntu.com PYTHONPATH=/home/zero/turtlesim_project/build/turtlesim_catch_them_all/prefix_override:/usr/lib/python3/dist-packages/colcon_core/task/python/colcon_distutils_commands:/home/zero/turtlesim_project/install/turtlesim_catch_them_all/lib/python3.12/site-packages:/home/zero/turtlesim_project/install/custom_interfaces/lib/python3.12/site-packages:/home/zero/turtlesim_project/install/turtlesim_catch_them_all/lib/python3.12/site-packages:/home/zero/ros2_ws/install/my_pkg/lib/python3.12/site-packages:/home/zero/ros2_ws/install/custom_interfaces/lib/python3.12/site-packages:/opt/ros/jazzy/lib/python3.12/site-packages /usr/bin/python3 -W ignore:setup.py install is deprecated setup.py egg_info --egg-base ../../build/turtlesim_catch_them_all build --build-base /home/zero/turtlesim_project/build/turtlesim_catch_them_all/build install --record /home/zero/turtlesim_project/build/turtlesim_catch_them_all/install.log --single-version-externally-managed install_data
