[0.007s] Invoking command in '/home/zero/turtlesim_project/build/my_turtle_bringup': CMAKE_PREFIX_PATH=${CMAKE_PREFIX_PATH}:/home/zero/ros2_ws/install/my_pkg:/opt/ros/jazzy DEBUGINFOD_URLS=https://debuginfod.ubuntu.com /usr/bin/cmake /home/zero/turtlesim_project/src/my_turtle_bringup -DCMAKE_INSTALL_PREFIX=/home/zero/turtlesim_project/install/my_turtle_bringup
[0.057s] -- The C compiler identification is GNU 13.2.0
[0.105s] -- The CXX compiler identification is GNU 13.2.0
[0.119s] -- Detecting C compiler ABI info
[0.182s] -- Detecting C compiler ABI info - done
[0.189s] -- Check for working C compiler: /usr/bin/cc - skipped
[0.189s] -- Detecting C compile features
[0.190s] -- Detecting C compile features - done
[0.198s] -- Detecting CXX compiler ABI info
[0.270s] -- Detecting CXX compiler ABI info - done
[0.277s] -- Check for working CXX compiler: /usr/bin/c++ - skipped
[0.277s] -- Detecting CXX compile features
[0.277s] -- Detecting CXX compile features - done
[0.286s] -- Found ament_cmake: 2.5.2 (/opt/ros/jazzy/share/ament_cmake/cmake)
[0.400s] -- Found Python3: /usr/bin/python3 (found version "3.12.3") found components: Interpreter 
[0.558s] -- Configuring done (0.5s)
[0.560s] -- Generating done (0.0s)
[0.560s] -- Build files have been written to: /home/zero/turtlesim_project/build/my_turtle_bringup
[0.564s] Invoked command in '/home/zero/turtlesim_project/build/my_turtle_bringup' returned '0': CMAKE_PREFIX_PATH=${CMAKE_PREFIX_PATH}:/home/zero/ros2_ws/install/my_pkg:/opt/ros/jazzy DEBUGINFOD_URLS=https://debuginfod.ubuntu.com /usr/bin/cmake /home/zero/turtlesim_project/src/my_turtle_bringup -DCMAKE_INSTALL_PREFIX=/home/zero/turtlesim_project/install/my_turtle_bringup
[0.565s] Invoking command in '/home/zero/turtlesim_project/build/my_turtle_bringup': CMAKE_PREFIX_PATH=${CMAKE_PREFIX_PATH}:/home/zero/ros2_ws/install/my_pkg:/opt/ros/jazzy DEBUGINFOD_URLS=https://debuginfod.ubuntu.com /usr/bin/cmake --build /home/zero/turtlesim_project/build/my_turtle_bringup -- -j4 -l4
[0.593s] Invoked command in '/home/zero/turtlesim_project/build/my_turtle_bringup' returned '0': CMAKE_PREFIX_PATH=${CMAKE_PREFIX_PATH}:/home/zero/ros2_ws/install/my_pkg:/opt/ros/jazzy DEBUGINFOD_URLS=https://debuginfod.ubuntu.com /usr/bin/cmake --build /home/zero/turtlesim_project/build/my_turtle_bringup -- -j4 -l4
[0.616s] Invoking command in '/home/zero/turtlesim_project/build/my_turtle_bringup': CMAKE_PREFIX_PATH=${CMAKE_PREFIX_PATH}:/home/zero/ros2_ws/install/my_pkg:/opt/ros/jazzy DEBUGINFOD_URLS=https://debuginfod.ubuntu.com /usr/bin/cmake --install /home/zero/turtlesim_project/build/my_turtle_bringup
[0.622s] -- Install configuration: ""
[0.623s] -- Installing: /home/zero/turtlesim_project/install/my_turtle_bringup/share/my_turtle_bringup/launch
[0.623s] -- Installing: /home/zero/turtlesim_project/install/my_turtle_bringup/share/my_turtle_bringup/launch/turtle_catch_them_all_app.launch.py
[0.623s] -- Installing: /home/zero/turtlesim_project/install/my_turtle_bringup/share/ament_index/resource_index/package_run_dependencies/my_turtle_bringup
[0.623s] -- Installing: /home/zero/turtlesim_project/install/my_turtle_bringup/share/ament_index/resource_index/parent_prefix_path/my_turtle_bringup
[0.623s] -- Installing: /home/zero/turtlesim_project/install/my_turtle_bringup/share/my_turtle_bringup/environment/ament_prefix_path.sh
[0.623s] -- Installing: /home/zero/turtlesim_project/install/my_turtle_bringup/share/my_turtle_bringup/environment/ament_prefix_path.dsv
[0.623s] -- Installing: /home/zero/turtlesim_project/install/my_turtle_bringup/share/my_turtle_bringup/environment/path.sh
[0.623s] -- Installing: /home/zero/turtlesim_project/install/my_turtle_bringup/share/my_turtle_bringup/environment/path.dsv
[0.623s] -- Installing: /home/zero/turtlesim_project/install/my_turtle_bringup/share/my_turtle_bringup/local_setup.bash
[0.624s] -- Installing: /home/zero/turtlesim_project/install/my_turtle_bringup/share/my_turtle_bringup/local_setup.sh
[0.624s] -- Installing: /home/zero/turtlesim_project/install/my_turtle_bringup/share/my_turtle_bringup/local_setup.zsh
[0.624s] -- Installing: /home/zero/turtlesim_project/install/my_turtle_bringup/share/my_turtle_bringup/local_setup.dsv
[0.624s] -- Installing: /home/zero/turtlesim_project/install/my_turtle_bringup/share/my_turtle_bringup/package.dsv
[0.624s] -- Installing: /home/zero/turtlesim_project/install/my_turtle_bringup/share/ament_index/resource_index/packages/my_turtle_bringup
[0.624s] -- Installing: /home/zero/turtlesim_project/install/my_turtle_bringup/share/my_turtle_bringup/cmake/my_turtle_bringupConfig.cmake
[0.624s] -- Installing: /home/zero/turtlesim_project/install/my_turtle_bringup/share/my_turtle_bringup/cmake/my_turtle_bringupConfig-version.cmake
[0.624s] -- Installing: /home/zero/turtlesim_project/install/my_turtle_bringup/share/my_turtle_bringup/package.xml
[0.626s] Invoked command in '/home/zero/turtlesim_project/build/my_turtle_bringup' returned '0': CMAKE_PREFIX_PATH=${CMAKE_PREFIX_PATH}:/home/zero/ros2_ws/install/my_pkg:/opt/ros/jazzy DEBUGINFOD_URLS=https://debuginfod.ubuntu.com /usr/bin/cmake --install /home/zero/turtlesim_project/build/my_turtle_bringup
