[0.625s] Invoking command in '/home/zero/turtlesim_project/src/turtlesim_catch_them_all': CMAKE_PREFIX_PATH=/home/zero/turtlesim_project/install/custom_interfaces:/home/zero/turtlesim_project/install/my_turtle_bringup:/home/zero/ros2_ws/install/my_robot_bringup:/home/zero/ros2_ws/install/custom_interfaces:/opt/ros/jazzy/opt/gz_math_vendor:/opt/ros/jazzy/opt/gz_utils_vendor:/opt/ros/jazzy/opt/gz_cmake_vendor DEBUGINFOD_URLS=https://debuginfod.ubuntu.com PYTHONPATH=/home/zero/turtlesim_project/build/turtlesim_catch_them_all/prefix_override:/usr/lib/python3/dist-packages/colcon_core/task/python/colcon_distutils_commands:/home/zero/turtlesim_project/install/turtlesim_catch_them_all/lib/python3.12/site-packages:/home/zero/turtlesim_project/install/custom_interfaces/lib/python3.12/site-packages:/home/zero/turtlesim_project/install/turtlesim_catch_them_all/lib/python3.12/site-packages:/home/zero/ros2_ws/install/my_pkg/lib/python3.12/site-packages:/home/zero/ros2_ws/install/custom_interfaces/lib/python3.12/site-packages:/opt/ros/jazzy/lib/python3.12/site-packages /usr/bin/python3 -W ignore:setup.py install is deprecated setup.py egg_info --egg-base ../../build/turtlesim_catch_them_all build --build-base /home/zero/turtlesim_project/build/turtlesim_catch_them_all/build install --record /home/zero/turtlesim_project/build/turtlesim_catch_them_all/install.log --single-version-externally-managed install_data
[0.829s] running egg_info
[0.843s] writing ../../build/turtlesim_catch_them_all/turtlesim_catch_them_all.egg-info/PKG-INFO
[0.843s] writing dependency_links to ../../build/turtlesim_catch_them_all/turtlesim_catch_them_all.egg-info/dependency_links.txt
[0.843s] writing entry points to ../../build/turtlesim_catch_them_all/turtlesim_catch_them_all.egg-info/entry_points.txt
[0.843s] writing requirements to ../../build/turtlesim_catch_them_all/turtlesim_catch_them_all.egg-info/requires.txt
[0.844s] writing top-level names to ../../build/turtlesim_catch_them_all/turtlesim_catch_them_all.egg-info/top_level.txt
[0.875s] reading manifest file '../../build/turtlesim_catch_them_all/turtlesim_catch_them_all.egg-info/SOURCES.txt'
[0.876s] writing manifest file '../../build/turtlesim_catch_them_all/turtlesim_catch_them_all.egg-info/SOURCES.txt'
[0.876s] running build
[0.876s] running build_py
[0.876s] copying turtlesim_catch_them_all/turtle_spawner.py -> /home/zero/turtlesim_project/build/turtlesim_catch_them_all/build/lib/turtlesim_catch_them_all
[0.876s] running install
[0.881s] running install_lib
[0.896s] copying /home/zero/turtlesim_project/build/turtlesim_catch_them_all/build/lib/turtlesim_catch_them_all/turtle_spawner.py -> /home/zero/turtlesim_project/install/turtlesim_catch_them_all/lib/python3.12/site-packages/turtlesim_catch_them_all
[0.897s] byte-compiling /home/zero/turtlesim_project/install/turtlesim_catch_them_all/lib/python3.12/site-packages/turtlesim_catch_them_all/turtle_spawner.py to turtle_spawner.cpython-312.pyc
[0.898s] running install_data
[0.898s] running install_egg_info
[0.914s] removing '/home/zero/turtlesim_project/install/turtlesim_catch_them_all/lib/python3.12/site-packages/turtlesim_catch_them_all-0.0.0-py3.12.egg-info' (and everything under it)
[0.914s] Copying ../../build/turtlesim_catch_them_all/turtlesim_catch_them_all.egg-info to /home/zero/turtlesim_project/install/turtlesim_catch_them_all/lib/python3.12/site-packages/turtlesim_catch_them_all-0.0.0-py3.12.egg-info
[0.915s] running install_scripts
[1.017s] Installing turtle_spawner script to /home/zero/turtlesim_project/install/turtlesim_catch_them_all/lib/turtlesim_catch_them_all
[1.017s] Installing turtlesim_controller script to /home/zero/turtlesim_project/install/turtlesim_catch_them_all/lib/turtlesim_catch_them_all
[1.017s] writing list of installed files to '/home/zero/turtlesim_project/build/turtlesim_catch_them_all/install.log'
[1.045s] Invoked command in '/home/zero/turtlesim_project/src/turtlesim_catch_them_all' returned '0': CMAKE_PREFIX_PATH=/home/zero/turtlesim_project/install/custom_interfaces:/home/zero/turtlesim_project/install/my_turtle_bringup:/home/zero/ros2_ws/install/my_robot_bringup:/home/zero/ros2_ws/install/custom_interfaces:/opt/ros/jazzy/opt/gz_math_vendor:/opt/ros/jazzy/opt/gz_utils_vendor:/opt/ros/jazzy/opt/gz_cmake_vendor DEBUGINFOD_URLS=https://debuginfod.ubuntu.com PYTHONPATH=/home/zero/turtlesim_project/build/turtlesim_catch_them_all/prefix_override:/usr/lib/python3/dist-packages/colcon_core/task/python/colcon_distutils_commands:/home/zero/turtlesim_project/install/turtlesim_catch_them_all/lib/python3.12/site-packages:/home/zero/turtlesim_project/install/custom_interfaces/lib/python3.12/site-packages:/home/zero/turtlesim_project/install/turtlesim_catch_them_all/lib/python3.12/site-packages:/home/zero/ros2_ws/install/my_pkg/lib/python3.12/site-packages:/home/zero/ros2_ws/install/custom_interfaces/lib/python3.12/site-packages:/opt/ros/jazzy/lib/python3.12/site-packages /usr/bin/python3 -W ignore:setup.py install is deprecated setup.py egg_info --egg-base ../../build/turtlesim_catch_them_all build --build-base /home/zero/turtlesim_project/build/turtlesim_catch_them_all/build install --record /home/zero/turtlesim_project/build/turtlesim_catch_them_all/install.log --single-version-externally-managed install_data
